<?xml version="1.0" encoding="UTF-8"?>
<robot generator="Robot 7.0 (Python 3.12.2 on win32)" generated="2024-05-31T17:50:11.176072" rpa="false" schemaversion="5">
<suite id="s1" name="Globo Gherkin" source="c:\Users\lincongoncalves\Desktop\Robot TI360\project-robot-framework\Globo\globo_gherkin.robot">
<test id="s1-t1" name="Caso de Teste 01 - Acesso da menu &quot;g1&quot;" line="9">
<kw name="Abrir o navegador" owner="globo_resources" type="SETUP">
<kw name="Open Browser" owner="SeleniumLibrary">
<msg time="2024-05-31T17:50:11.589711" level="INFO">Opening browser 'chrome' to base url 'None'.</msg>
<arg>browser=${BROWSER}</arg>
<doc>Opens a new browser instance to the optional ``url``.</doc>
<status status="PASS" start="2024-05-31T17:50:11.589711" elapsed="3.585460"/>
</kw>
<kw name="Maximize Browser Window" owner="SeleniumLibrary">
<doc>Maximizes current browser window.</doc>
<status status="PASS" start="2024-05-31T17:50:15.177171" elapsed="0.119181"/>
</kw>
<status status="PASS" start="2024-05-31T17:50:11.588699" elapsed="3.707653"/>
</kw>
<kw name="Dado que estou na home page do Globo.com" owner="globo_resources">
<kw name="Go To" owner="SeleniumLibrary">
<msg time="2024-05-31T17:50:15.307750" level="INFO">Opening url 'https://www.globo.com/'</msg>
<arg>url=${URL}</arg>
<doc>Navigates the current browser window to the provided ``url``.</doc>
<status status="PASS" start="2024-05-31T17:50:15.306752" elapsed="13.887947"/>
</kw>
<kw name="Wait Until Element Is Visible" owner="SeleniumLibrary">
<arg>locator=${PAGINA}</arg>
<arg>timeout=10s</arg>
<doc>Waits until the element ``locator`` is visible.</doc>
<status status="PASS" start="2024-05-31T17:50:29.194699" elapsed="0.314825"/>
</kw>
<status status="PASS" start="2024-05-31T17:50:15.304693" elapsed="14.204831"/>
</kw>
<kw name="Quando acessar o menu &quot;g1&quot;" owner="globo_resources">
<kw name="Click Element" owner="SeleniumLibrary">
<msg time="2024-05-31T17:50:29.515544" level="INFO">Clicking element '(//a[contains(.,'g1')])[2]'.</msg>
<arg>locator=${PAGINA}</arg>
<doc>Click the element identified by ``locator``.</doc>
<status status="PASS" start="2024-05-31T17:50:29.514545" elapsed="11.816866"/>
</kw>
<status status="PASS" start="2024-05-31T17:50:29.513557" elapsed="11.817854"/>
</kw>
<kw name="Então o título da página deve ficar &quot;g1 - O portal de notícias da Globo&quot;" owner="globo_resources" source_name="Então o título da página deve ficar &quot;${FRASE}&quot;">
<kw name="Wait Until Page Contains" owner="SeleniumLibrary">
<arg>text=${FRASE}</arg>
<doc>Waits until ``text`` appears on the current page.</doc>
<status status="PASS" start="2024-05-31T17:50:41.335952" elapsed="0.148018"/>
</kw>
<status status="PASS" start="2024-05-31T17:50:41.333935" elapsed="0.151030"/>
</kw>
<kw name="Fechar o navegador" owner="globo_resources" type="TEARDOWN">
<kw name="Capture Page Screenshot" owner="SeleniumLibrary">
<msg time="2024-05-31T17:50:43.443833" level="INFO" html="true">&lt;/td&gt;&lt;/tr&gt;&lt;tr&gt;&lt;td colspan="3"&gt;&lt;a href="selenium-screenshot-7.png"&gt;&lt;img src="selenium-screenshot-7.png" width="800px"&gt;&lt;/a&gt;</msg>
<doc>Takes a screenshot of the current page and embeds it into a log file.</doc>
<status status="PASS" start="2024-05-31T17:50:41.968964" elapsed="1.474869"/>
</kw>
<kw name="Close Browser" owner="SeleniumLibrary">
<doc>Closes the current browser.</doc>
<status status="PASS" start="2024-05-31T17:50:43.444775" elapsed="3.936705"/>
</kw>
<status status="PASS" start="2024-05-31T17:50:41.955676" elapsed="5.426823"/>
</kw>
<doc>Esse teste verifica o menu ofertas do site Globo.com
e verifica a categoria Ofertas do dia</doc>
<tag>categorias</tag>
<tag>menus</tag>
<status status="PASS" start="2024-05-31T17:50:11.586726" elapsed="35.795773"/>
</test>
<doc>Essa suíte testa o site do Globo.com</doc>
<status status="PASS" start="2024-05-31T17:50:11.185700" elapsed="36.199008"/>
</suite>
<statistics>
<total>
<stat pass="1" fail="0" skip="0">All Tests</stat>
</total>
<tag>
<stat pass="1" fail="0" skip="0">categorias</stat>
<stat pass="1" fail="0" skip="0">menus</stat>
</tag>
<suite>
<stat pass="1" fail="0" skip="0" id="s1" name="Globo Gherkin">Globo Gherkin</stat>
</suite>
</statistics>
<errors>
</errors>
</robot>
